<?xml version="1.0" encoding="UTF-8"?>
<testsuite xmlns:xsi="http://www.w3.org/2001/XMLSchema-instance" xsi:noNamespaceSchemaLocation="https://maven.apache.org/surefire/maven-surefire-plugin/xsd/surefire-test-report.xsd" name="com.mycompany.app.DataTest" time="0.001" tests="4" errors="0" skipped="0" failures="0">
  <properties>
[...]
</properties>
  <testcase name="getId" classname="com.mycompany.app.DataTest" time="0"/>
  <testcase name="setId" classname="com.mycompany.app.DataTest" time="0"/>
  <testcase name="setCount" classname="com.mycompany.app.DataTest" time="0"/>
  <testcase name="getCount" classname="com.mycompany.app.DataTest" time="0"/>
</testsuite>